Error adding pet: Error: Pet validation failed: genre: Path `genre` is required., birthDate: Path `birthDate` is required., breed: Path `breed` is required., type: Path `type` is required., name: Path `name` is required.
    at ValidationError.inspect (/Users/sammy/Documents/GitHub/Proyecto-E03/backend/node_modules/mongoose/lib/error/validation.js:52:26)
    at formatValue (node:internal/util/inspect:805:19)
    at inspect (node:internal/util/inspect:364:10)
    at formatWithOptionsInternal (node:internal/util/inspect:2279:40)
    at formatWithOptions (node:internal/util/inspect:2141:10)
    at console.value (node:internal/console/constructor:352:14)
    at console.warn (node:internal/console/constructor:385:61)
    at file:///Users/sammy/Documents/GitHub/Proyecto-E03/backend/src/routes/pet.js:105:13
    at process.processTicksAndRejections (node:internal/process/task_queues:95:5) {
  errors: {
    genre: ValidatorError: Path `genre` is required.
        at validate (/Users/sammy/Documents/GitHub/Proyecto-E03/backend/node_modules/mongoose/lib/schemaType.js:1385:13)
        at SchemaType.doValidate (/Users/sammy/Documents/GitHub/Proyecto-E03/backend/node_modules/mongoose/lib/schemaType.js:1369:7)
        at /Users/sammy/Documents/GitHub/Proyecto-E03/backend/node_modules/mongoose/lib/document.js:3071:18
        at process.processTicksAndRejections (node:internal/process/task_queues:77:11) {
      properties: [Object],
      kind: 'required',
      path: 'genre',
      value: undefined,
      reason: undefined,
      [Symbol(mongoose#validatorError)]: true
    },
    birthDate: ValidatorError: Path `birthDate` is required.
        at validate (/Users/sammy/Documents/GitHub/Proyecto-E03/backend/node_modules/mongoose/lib/schemaType.js:1385:13)
        at SchemaType.doValidate (/Users/sammy/Documents/GitHub/Proyecto-E03/backend/node_modules/mongoose/lib/schemaType.js:1369:7)
        at /Users/sammy/Documents/GitHub/Proyecto-E03/backend/node_modules/mongoose/lib/document.js:3071:18
        at process.processTicksAndRejections (node:internal/process/task_queues:77:11) {
      properties: [Object],
      kind: 'required',
      path: 'birthDate',
      value: undefined,
      reason: undefined,
      [Symbol(mongoose#validatorError)]: true
    },
    breed: ValidatorError: Path `breed` is required.
        at validate (/Users/sammy/Documents/GitHub/Proyecto-E03/backend/node_modules/mongoose/lib/schemaType.js:1385:13)
        at SchemaType.doValidate (/Users/sammy/Documents/GitHub/Proyecto-E03/backend/node_modules/mongoose/lib/schemaType.js:1369:7)
        at /Users/sammy/Documents/GitHub/Proyecto-E03/backend/node_modules/mongoose/lib/document.js:3071:18
        at process.processTicksAndRejections (node:internal/process/task_queues:77:11) {
      properties: [Object],
      kind: 'required',
      path: 'breed',
      value: undefined,
      reason: undefined,
      [Symbol(mongoose#validatorError)]: true
    },
    type: ValidatorError: Path `type` is required.
        at validate (/Users/sammy/Documents/GitHub/Proyecto-E03/backend/node_modules/mongoose/lib/schemaType.js:1385:13)
        at SchemaType.doValidate (/Users/sammy/Documents/GitHub/Proyecto-E03/backend/node_modules/mongoose/lib/schemaType.js:1369:7)
        at /Users/sammy/Documents/GitHub/Proyecto-E03/backend/node_modules/mongoose/lib/document.js:3071:18
        at process.processTicksAndRejections (node:internal/process/task_queues:77:11) {
      properties: [Object],
      kind: 'required',
      path: 'type',
      value: undefined,
      reason: undefined,
      [Symbol(mongoose#validatorError)]: true
    },
    name: ValidatorError: Path `name` is required.
        at validate (/Users/sammy/Documents/GitHub/Proyecto-E03/backend/node_modules/mongoose/lib/schemaType.js:1385:13)
        at SchemaType.doValidate (/Users/sammy/Documents/GitHub/Proyecto-E03/backend/node_modules/mongoose/lib/schemaType.js:1369:7)
        at /Users/sammy/Documents/GitHub/Proyecto-E03/backend/node_modules/mongoose/lib/document.js:3071:18
        at process.processTicksAndRejections (node:internal/process/task_queues:77:11) {
      properties: [Object],
      kind: 'required',
      path: 'name',
      value: undefined,
      reason: undefined,
      [Symbol(mongoose#validatorError)]: true
    }
  },
  _message: 'Pet validation failed'
}
No images uploaded
No images uploaded
Error adding pet: MongoServerError: E11000 duplicate key error collection: test.pets index: _id_ dup key: { _id: ObjectId('6752fe883db56fbf13a152e3') }
    at InsertOneOperation.execute (/Users/sammy/Documents/GitHub/Proyecto-E03/backend/node_modules/mongodb/lib/operations/insert.js:51:19)
    at process.processTicksAndRejections (node:internal/process/task_queues:95:5)
    at async tryOperation (/Users/sammy/Documents/GitHub/Proyecto-E03/backend/node_modules/mongodb/lib/operations/execute_operation.js:199:20)
    at async executeOperation (/Users/sammy/Documents/GitHub/Proyecto-E03/backend/node_modules/mongodb/lib/operations/execute_operation.js:69:16)
    at async Collection.insertOne (/Users/sammy/Documents/GitHub/Proyecto-E03/backend/node_modules/mongodb/lib/collection.js:154:16) {
  errorResponse: {
    index: 0,
    code: 11000,
    errmsg: "E11000 duplicate key error collection: test.pets index: _id_ dup key: { _id: ObjectId('6752fe883db56fbf13a152e3') }",
    keyPattern: { _id: 1 },
    keyValue: { _id: new ObjectId('6752fe883db56fbf13a152e3') }
  },
  index: 0,
  code: 11000,
  keyPattern: { _id: 1 },
  keyValue: { _id: new ObjectId('6752fe883db56fbf13a152e3') },
  [Symbol(errorLabels)]: Set(0) {}
}
Error deleting pet: CastError: Cast to ObjectId failed for value "123" (type string) at path "_id" for model "Pet"
    at SchemaObjectId.cast (/Users/sammy/Documents/GitHub/Proyecto-E03/backend/node_modules/mongoose/lib/schema/objectId.js:250:11)
    at SchemaType.applySetters (/Users/sammy/Documents/GitHub/Proyecto-E03/backend/node_modules/mongoose/lib/schemaType.js:1236:12)
    at SchemaType.castForQuery (/Users/sammy/Documents/GitHub/Proyecto-E03/backend/node_modules/mongoose/lib/schemaType.js:1653:17)
    at cast (/Users/sammy/Documents/GitHub/Proyecto-E03/backend/node_modules/mongoose/lib/cast.js:390:32)
    at Query.cast (/Users/sammy/Documents/GitHub/Proyecto-E03/backend/node_modules/mongoose/lib/query.js:4918:12)
    at Query._castConditions (/Users/sammy/Documents/GitHub/Proyecto-E03/backend/node_modules/mongoose/lib/query.js:2309:10)
    at model.Query._findOneAndDelete (/Users/sammy/Documents/GitHub/Proyecto-E03/backend/node_modules/mongoose/lib/query.js:3547:8)
    at model.Query.exec (/Users/sammy/Documents/GitHub/Proyecto-E03/backend/node_modules/mongoose/lib/query.js:4458:80)
    at process.processTicksAndRejections (node:internal/process/task_queues:95:5)
    at async file:///Users/sammy/Documents/GitHub/Proyecto-E03/backend/src/routes/pet.js:191:17 {
  stringValue: '"123"',
  messageFormat: undefined,
  kind: 'ObjectId',
  value: '123',
  path: '_id',
  reason: BSONError: input must be a 24 character hex string, 12 byte Uint8Array, or an integer
      at new ObjectId (/Users/sammy/Documents/GitHub/Proyecto-E03/backend/node_modules/bson/lib/bson.cjs:2388:23)
      at castObjectId (/Users/sammy/Documents/GitHub/Proyecto-E03/backend/node_modules/mongoose/lib/cast/objectid.js:25:12)
      at SchemaObjectId.cast (/Users/sammy/Documents/GitHub/Proyecto-E03/backend/node_modules/mongoose/lib/schema/objectId.js:248:12)
      at SchemaType.applySetters (/Users/sammy/Documents/GitHub/Proyecto-E03/backend/node_modules/mongoose/lib/schemaType.js:1236:12)
      at SchemaType.castForQuery (/Users/sammy/Documents/GitHub/Proyecto-E03/backend/node_modules/mongoose/lib/schemaType.js:1653:17)
      at cast (/Users/sammy/Documents/GitHub/Proyecto-E03/backend/node_modules/mongoose/lib/cast.js:390:32)
      at Query.cast (/Users/sammy/Documents/GitHub/Proyecto-E03/backend/node_modules/mongoose/lib/query.js:4918:12)
      at Query._castConditions (/Users/sammy/Documents/GitHub/Proyecto-E03/backend/node_modules/mongoose/lib/query.js:2309:10)
      at model.Query._findOneAndDelete (/Users/sammy/Documents/GitHub/Proyecto-E03/backend/node_modules/mongoose/lib/query.js:3547:8)
      at model.Query.exec (/Users/sammy/Documents/GitHub/Proyecto-E03/backend/node_modules/mongoose/lib/query.js:4458:80)
      at process.processTicksAndRejections (node:internal/process/task_queues:95:5)
      at async file:///Users/sammy/Documents/GitHub/Proyecto-E03/backend/src/routes/pet.js:191:17,
  valueType: 'string'
}
Error al eliminar el producto: CastError: Cast to ObjectId failed for value "1234567890" (type string) at path "_id" for model "Product"
    at SchemaObjectId.cast (/Users/sammy/Documents/GitHub/Proyecto-E03/backend/node_modules/mongoose/lib/schema/objectId.js:250:11)
    at SchemaType.applySetters (/Users/sammy/Documents/GitHub/Proyecto-E03/backend/node_modules/mongoose/lib/schemaType.js:1236:12)
    at SchemaType.castForQuery (/Users/sammy/Documents/GitHub/Proyecto-E03/backend/node_modules/mongoose/lib/schemaType.js:1653:17)
    at cast (/Users/sammy/Documents/GitHub/Proyecto-E03/backend/node_modules/mongoose/lib/cast.js:390:32)
    at Query.cast (/Users/sammy/Documents/GitHub/Proyecto-E03/backend/node_modules/mongoose/lib/query.js:4918:12)
    at Query._castConditions (/Users/sammy/Documents/GitHub/Proyecto-E03/backend/node_modules/mongoose/lib/query.js:2309:10)
    at model.Query._findOneAndDelete (/Users/sammy/Documents/GitHub/Proyecto-E03/backend/node_modules/mongoose/lib/query.js:3547:8)
    at model.Query.exec (/Users/sammy/Documents/GitHub/Proyecto-E03/backend/node_modules/mongoose/lib/query.js:4458:80)
    at process.processTicksAndRejections (node:internal/process/task_queues:95:5)
    at async file:///Users/sammy/Documents/GitHub/Proyecto-E03/backend/src/routes/product.js:176:21 {
  stringValue: '"1234567890"',
  messageFormat: undefined,
  kind: 'ObjectId',
  value: '1234567890',
  path: '_id',
  reason: BSONError: input must be a 24 character hex string, 12 byte Uint8Array, or an integer
      at new ObjectId (/Users/sammy/Documents/GitHub/Proyecto-E03/backend/node_modules/bson/lib/bson.cjs:2388:23)
      at castObjectId (/Users/sammy/Documents/GitHub/Proyecto-E03/backend/node_modules/mongoose/lib/cast/objectid.js:25:12)
      at SchemaObjectId.cast (/Users/sammy/Documents/GitHub/Proyecto-E03/backend/node_modules/mongoose/lib/schema/objectId.js:248:12)
      at SchemaType.applySetters (/Users/sammy/Documents/GitHub/Proyecto-E03/backend/node_modules/mongoose/lib/schemaType.js:1236:12)
      at SchemaType.castForQuery (/Users/sammy/Documents/GitHub/Proyecto-E03/backend/node_modules/mongoose/lib/schemaType.js:1653:17)
      at cast (/Users/sammy/Documents/GitHub/Proyecto-E03/backend/node_modules/mongoose/lib/cast.js:390:32)
      at Query.cast (/Users/sammy/Documents/GitHub/Proyecto-E03/backend/node_modules/mongoose/lib/query.js:4918:12)
      at Query._castConditions (/Users/sammy/Documents/GitHub/Proyecto-E03/backend/node_modules/mongoose/lib/query.js:2309:10)
      at model.Query._findOneAndDelete (/Users/sammy/Documents/GitHub/Proyecto-E03/backend/node_modules/mongoose/lib/query.js:3547:8)
      at model.Query.exec (/Users/sammy/Documents/GitHub/Proyecto-E03/backend/node_modules/mongoose/lib/query.js:4458:80)
      at process.processTicksAndRejections (node:internal/process/task_queues:95:5)
      at async file:///Users/sammy/Documents/GitHub/Proyecto-E03/backend/src/routes/product.js:176:21,
  valueType: 'string'
}
